<?xml version="1.0" encoding="UTF-8" ?>
<testsuite tests="8" failures="0" name="Controller.ControleUsuarioTest" time="0.405" errors="1" skipped="1">
  <properties>
[...]
</properties>
  <testcase classname="Controller.ControleUsuarioTest" name="testDeletarUsuario" time="0.265">
    <error message="java.lang.RuntimeException: java.lang.NullPointerException" type="java.lang.RuntimeException">java.lang.RuntimeException: java.lang.RuntimeException: java.lang.NullPointerException
	at controller.ControleUsuario.deletarUsuario(ControleUsuario.java:77)
	at Controller.ControleUsuarioTest.testDeletarUsuario(ControleUsuarioTest.java:115)
	at sun.reflect.NativeMethodAccessorImpl.invoke0(Native Method)
	at sun.reflect.NativeMethodAccessorImpl.invoke(NativeMethodAccessorImpl.java:62)
	at sun.reflect.DelegatingMethodAccessorImpl.invoke(DelegatingMethodAccessorImpl.java:43)
	at java.lang.reflect.Method.invoke(Method.java:498)
	at org.junit.runners.model.FrameworkMethod$1.runReflectiveCall(FrameworkMethod.java:50)
	at org.junit.internal.runners.model.ReflectiveCallable.run(ReflectiveCallable.java:12)
	at org.junit.runners.model.FrameworkMethod.invokeExplosively(FrameworkMethod.java:47)
	at org.junit.internal.runners.statements.InvokeMethod.evaluate(InvokeMethod.java:17)
	at org.junit.internal.runners.statements.RunBefores.evaluate(RunBefores.java:26)
	at org.junit.runners.ParentRunner.runLeaf(ParentRunner.java:325)
	at org.junit.runners.BlockJUnit4ClassRunner.runChild(BlockJUnit4ClassRunner.java:78)
	at org.junit.runners.BlockJUnit4ClassRunner.runChild(BlockJUnit4ClassRunner.java:57)
	at org.junit.runners.ParentRunner$3.run(ParentRunner.java:290)
	at org.junit.runners.ParentRunner$1.schedule(ParentRunner.java:71)
	at org.junit.runners.ParentRunner.runChildren(ParentRunner.java:288)
	at org.junit.runners.ParentRunner.access$000(ParentRunner.java:58)
	at org.junit.runners.ParentRunner$2.evaluate(ParentRunner.java:268)
	at org.junit.runners.ParentRunner.run(ParentRunner.java:363)
	at org.apache.maven.surefire.junit4.JUnit4TestSet.execute(JUnit4TestSet.java:53)
	at org.apache.maven.surefire.junit4.JUnit4Provider.executeTestSet(JUnit4Provider.java:123)
	at org.apache.maven.surefire.junit4.JUnit4Provider.invoke(JUnit4Provider.java:104)
	at sun.reflect.NativeMethodAccessorImpl.invoke0(Native Method)
	at sun.reflect.NativeMethodAccessorImpl.invoke(NativeMethodAccessorImpl.java:62)
	at sun.reflect.DelegatingMethodAccessorImpl.invoke(DelegatingMethodAccessorImpl.java:43)
	at java.lang.reflect.Method.invoke(Method.java:498)
	at org.apache.maven.surefire.util.ReflectionUtils.invokeMethodWithArray(ReflectionUtils.java:164)
	at org.apache.maven.surefire.booter.ProviderFactory$ProviderProxy.invoke(ProviderFactory.java:110)
	at org.apache.maven.surefire.booter.SurefireStarter.invokeProvider(SurefireStarter.java:175)
	at org.apache.maven.surefire.booter.SurefireStarter.runSuitesInProcessWhenForked(SurefireStarter.java:107)
	at org.apache.maven.surefire.booter.ForkedBooter.main(ForkedBooter.java:68)
Caused by: java.lang.RuntimeException: java.lang.NullPointerException
	at DAO.UsuarioDAO.deletarUsuario(UsuarioDAO.java:125)
	at controller.ControleUsuario.deletarUsuario(ControleUsuario.java:71)
	... 31 more
Caused by: java.lang.NullPointerException
	at DAO.UsuarioDAO.deletarUsuario(UsuarioDAO.java:114)
	... 32 more
</error>
    <system-err>
============================================

CLASSE ControleUsuario - DAO

ERRO NO MÉTODO deletarUsuario

 null

 null

============================================

CLASSE ControleUsuario

ERRO NO MÉTODO deletarUsuario

 java.lang.NullPointerException

 java.lang.NullPointerException
</system-err>
  </testcase>
  <testcase classname="Controller.ControleUsuarioTest" name="testListarUsuarios_LancaException" time="0"/>
  <testcase classname="Controller.ControleUsuarioTest" name="testLogarValido" time="0.016"/>
  <testcase classname="Controller.ControleUsuarioTest" name="testCadastrarUsuarioInvalido" time="0"/>
  <testcase classname="Controller.ControleUsuarioTest" name="testLogarInvalido" time="0"/>
  <testcase classname="Controller.ControleUsuarioTest" name="testCadastrarUsuario" time="0"/>
  <testcase classname="Controller.ControleUsuarioTest" name="testDeletarUsuario_LancaException" time="0">
    <skipped/>
  </testcase>
  <testcase classname="Controller.ControleUsuarioTest" name="testListarUsuarios" time="0"/>
</testsuite>